Using pre-set license
Built from '2021.3/staging' branch; Version is '2021.3.23f1 (213b516bf396) revision 2177873'; Using compiler version '192829333'; Build Type 'Release'
OS: 'Windows 11  (10.0.22621) 64bit Core' Language: 'en' Physical Memory: 16245 MB
BatchMode: 1, IsHumanControllingUs: 0, StartBugReporterOnCrash: 0, Is64bit: 1, IsPro: 1

COMMAND LINE ARGUMENTS:
C:\Program Files\Unity\Hub\Editor\2021.3.23f1\Editor\Unity.exe
-adb2
-batchMode
-noUpm
-name
AssetImportWorker0
-projectPath
C:/Users/Ng Family/Desktop/GMAPS/GMAPSAssignment/Kinematics worksheet
-logFile
Logs/AssetImportWorker0.log
-srvPort
59657
Successfully changed project path to: C:/Users/Ng Family/Desktop/GMAPS/GMAPSAssignment/Kinematics worksheet
C:/Users/Ng Family/Desktop/GMAPS/GMAPSAssignment/Kinematics worksheet
[UnityMemory] Configuration Parameters - Can be set up in boot.config
    "memorysetup-bucket-allocator-granularity=16"
    "memorysetup-bucket-allocator-bucket-count=8"
    "memorysetup-bucket-allocator-block-size=33554432"
    "memorysetup-bucket-allocator-block-count=8"
    "memorysetup-main-allocator-block-size=16777216"
    "memorysetup-thread-allocator-block-size=16777216"
    "memorysetup-gfx-main-allocator-block-size=16777216"
    "memorysetup-gfx-thread-allocator-block-size=16777216"
    "memorysetup-cache-allocator-block-size=4194304"
    "memorysetup-typetree-allocator-block-size=2097152"
    "memorysetup-profiler-bucket-allocator-granularity=16"
    "memorysetup-profiler-bucket-allocator-bucket-count=8"
    "memorysetup-profiler-bucket-allocator-block-size=33554432"
    "memorysetup-profiler-bucket-allocator-block-count=8"
    "memorysetup-profiler-allocator-block-size=16777216"
    "memorysetup-profiler-editor-allocator-block-size=1048576"
    "memorysetup-temp-allocator-size-main=16777216"
    "memorysetup-job-temp-allocator-block-size=2097152"
    "memorysetup-job-temp-allocator-block-size-background=1048576"
    "memorysetup-job-temp-allocator-reduction-small-platforms=262144"
    "memorysetup-temp-allocator-size-background-worker=32768"
    "memorysetup-temp-allocator-size-job-worker=262144"
    "memorysetup-temp-allocator-size-preload-manager=33554432"
    "memorysetup-temp-allocator-size-nav-mesh-worker=65536"
    "memorysetup-temp-allocator-size-audio-worker=65536"
    "memorysetup-temp-allocator-size-cloud-worker=32768"
    "memorysetup-temp-allocator-size-gi-baking-worker=262144"
    "memorysetup-temp-allocator-size-gfx=262144"
Player connection [24728] Host "[IP] 192.168.86.33 [Port] 0 [Flags] 2 [Guid] 4035627478 [EditorId] 4035627478 [Version] 1048832 [Id] WindowsEditor(7,LAPTOP-62M4C5SN) [Debug] 1 [PackageName] WindowsEditor [ProjectName] Editor" joined multi-casting on [225.0.0.222:54997]...

Player connection [24728] Host "[IP] 192.168.86.33 [Port] 0 [Flags] 2 [Guid] 4035627478 [EditorId] 4035627478 [Version] 1048832 [Id] WindowsEditor(7,LAPTOP-62M4C5SN) [Debug] 1 [PackageName] WindowsEditor [ProjectName] Editor" joined alternative multi-casting on [225.0.0.222:34997]...

Refreshing native plugins compatible for Editor in 139.58 ms, found 3 plugins.
Preloading 0 native plugins for Editor in 0.00 ms.
Initialize engine version: 2021.3.23f1 (213b516bf396)
[Subsystems] Discovering subsystems at path C:/Program Files/Unity/Hub/Editor/2021.3.23f1/Editor/Data/Resources/UnitySubsystems
[Subsystems] Discovering subsystems at path C:/Users/Ng Family/Desktop/GMAPS/GMAPSAssignment/Kinematics worksheet/Assets
GfxDevice: creating device client; threaded=0; jobified=0
Direct3D:
    Version:  Direct3D 11.0 [level 11.1]
    Renderer: NVIDIA GeForce GTX 1660 Ti (ID=0x2191)
    Vendor:   NVIDIA
    VRAM:     5991 MB
    Driver:   30.0.15.1179
Initialize mono
Mono path[0] = 'C:/Program Files/Unity/Hub/Editor/2021.3.23f1/Editor/Data/Managed'
Mono path[1] = 'C:/Program Files/Unity/Hub/Editor/2021.3.23f1/Editor/Data/MonoBleedingEdge/lib/mono/unityjit-win32'
Mono config path = 'C:/Program Files/Unity/Hub/Editor/2021.3.23f1/Editor/Data/MonoBleedingEdge/etc'
Using monoOptions --debugger-agent=transport=dt_socket,embedding=1,server=y,suspend=n,address=127.0.0.1:56408
Begin MonoManager ReloadAssembly
Registering precompiled unity dll's ...
Register platform support module: C:/Program Files/Unity/Hub/Editor/2021.3.23f1/Editor/Data/PlaybackEngines/WebGLSupport/UnityEditor.WebGL.Extensions.dll
Register platform support module: C:/Program Files/Unity/Hub/Editor/2021.3.23f1/Editor/Data/PlaybackEngines/WindowsStandaloneSupport/UnityEditor.WindowsStandalone.Extensions.dll
Registered in 0.015614 seconds.
Native extension for WindowsStandalone target not found
Native extension for WebGL target not found
Refreshing native plugins compatible for Editor in 134.51 ms, found 3 plugins.
Preloading 0 native plugins for Editor in 0.00 ms.
Mono: successfully reloaded assembly
- Completed reload, in  1.095 seconds
Domain Reload Profiling:
	ReloadAssembly (1096ms)
		BeginReloadAssembly (156ms)
			ExecutionOrderSort (0ms)
			DisableScriptedObjects (0ms)
			BackupInstance (0ms)
			ReleaseScriptingObjects (0ms)
			CreateAndSetChildDomain (1ms)
		EndReloadAssembly (755ms)
			LoadAssemblies (151ms)
			RebuildTransferFunctionScriptingTraits (0ms)
			SetupTypeCache (184ms)
			ReleaseScriptCaches (0ms)
			RebuildScriptCaches (46ms)
			SetupLoadedEditorAssemblies (437ms)
				LogAssemblyErrors (0ms)
				InitializePlatformSupportModulesInManaged (16ms)
				SetLoadedEditorAssemblies (0ms)
				RefreshPlugins (135ms)
				BeforeProcessingInitializeOnLoad (3ms)
				ProcessInitializeOnLoadAttributes (210ms)
				ProcessInitializeOnLoadMethodAttributes (74ms)
				AfterProcessingInitializeOnLoad (0ms)
				EditorAssembliesLoaded (0ms)
			ExecutionOrderSort2 (0ms)
			AwakeInstancesAfterBackupRestoration (0ms)
Platform modules already initialized, skipping
Registering precompiled user dll's ...
Registered in 0.013507 seconds.
Begin MonoManager ReloadAssembly
Symbol file LoadedFromMemory doesn't match image C:\Users\Ng Family\Desktop\GMAPS\GMAPSAssignment\Kinematics worksheet\Library\PackageCache\com.unity.visualscripting@1.8.0\Editor\VisualScripting.Core\Dependencies\YamlDotNet\Unity.VisualScripting.YamlDotNet.dll
Symbol file LoadedFromMemory doesn't match image C:\Users\Ng Family\Desktop\GMAPS\GMAPSAssignment\Kinematics worksheet\Library\PackageCache\com.unity.visualscripting@1.8.0\Editor\VisualScripting.Core\Dependencies\DotNetZip\Unity.VisualScripting.IonicZip.dll
Native extension for WindowsStandalone target not found
Native extension for WebGL target not found
Refreshing native plugins compatible for Editor in 0.65 ms, found 3 plugins.
Preloading 0 native plugins for Editor in 0.00 ms.
Mono: successfully reloaded assembly
- Completed reload, in  1.705 seconds
Domain Reload Profiling:
	ReloadAssembly (1706ms)
		BeginReloadAssembly (211ms)
			ExecutionOrderSort (0ms)
			DisableScriptedObjects (10ms)
			BackupInstance (0ms)
			ReleaseScriptingObjects (0ms)
			CreateAndSetChildDomain (30ms)
		EndReloadAssembly (1302ms)
			LoadAssemblies (161ms)
			RebuildTransferFunctionScriptingTraits (0ms)
			SetupTypeCache (442ms)
			ReleaseScriptCaches (1ms)
			RebuildScriptCaches (90ms)
			SetupLoadedEditorAssemblies (570ms)
				LogAssemblyErrors (0ms)
				InitializePlatformSupportModulesInManaged (12ms)
				SetLoadedEditorAssemblies (1ms)
				RefreshPlugins (1ms)
				BeforeProcessingInitializeOnLoad (144ms)
				ProcessInitializeOnLoadAttributes (360ms)
				ProcessInitializeOnLoadMethodAttributes (35ms)
				AfterProcessingInitializeOnLoad (18ms)
				EditorAssembliesLoaded (0ms)
			ExecutionOrderSort2 (0ms)
			AwakeInstancesAfterBackupRestoration (10ms)
Platform modules already initialized, skipping
========================================================================
Worker process is ready to serve import requests
Launched and connected shader compiler UnityShaderCompiler.exe after 0.11 seconds
Refreshing native plugins compatible for Editor in 0.75 ms, found 3 plugins.
Preloading 0 native plugins for Editor in 0.00 ms.
Unloading 3062 Unused Serialized files (Serialized files now loaded: 0)
Unloading 24 unused Assets / (113.8 KB). Loaded Objects now: 3522.
Memory consumption went from 107.9 MB to 107.8 MB.
Total: 4.401600 ms (FindLiveObjects: 0.323800 ms CreateObjectMapping: 0.297700 ms MarkObjects: 3.603200 ms  DeleteObjects: 0.175300 ms)

AssetImportParameters requested are different than current active one (requested -> active):
  custom:video-decoder-ogg-theora: a1e56fd34408186e4bbccfd4996cb3dc -> 
  custom:container-muxer-webm: aa71ff27fc2769a1b78a27578f13a17b -> 
  custom:container-demuxer-webm: 4f35f7cbe854078d1ac9338744f61a02 -> 
  custom:video-encoder-webm-vp8: eb34c28f22e8b96e1ab97ce403110664 -> 
  custom:audio-encoder-webm-vorbis: bf7c407c2cedff20999df2af8eb42d56 -> 
  custom:framework-win-MediaFoundation: 216162199b28c13a410421893ffa2e32 -> 
  custom:container-demuxer-ogg: 62fdf1f143b41e24485cea50d1cbac27 -> 
  custom:video-decoder-webm-vp8: 9c59270c3fd7afecdb556c50c9e8de78 -> 
  custom:audio-decoder-ogg-vorbis: bf7c407c2cedff20999df2af8eb42d56 -> 
========================================================================
Received Import Request.
  Time since last request: 950702.122000 seconds.
  path: Assets/02_MATRICES_worksheet
  artifactKey: Guid(6d87297ae80d0564da981497d1d3ed23) Importer(815301076,1909f56bfc062723c751e8b465ee728b)
Start importing Assets/02_MATRICES_worksheet using Guid(6d87297ae80d0564da981497d1d3ed23) Importer(815301076,1909f56bfc062723c751e8b465ee728b)  -> (artifact id: 'e9d265fb9ca854e127fd0dc5da2927a7') in 0.011925 seconds 
========================================================================
Received Import Request.
  Time since last request: 18.664961 seconds.
  path: Assets/Math
  artifactKey: Guid(e63fde83b986dfa4a9df2664aea5578a) Importer(815301076,1909f56bfc062723c751e8b465ee728b)
Start importing Assets/Math using Guid(e63fde83b986dfa4a9df2664aea5578a) Importer(815301076,1909f56bfc062723c751e8b465ee728b)  -> (artifact id: '584b6cf5db18f749839b847af1382ac0') in 0.007292 seconds 
========================================================================
Received Prepare
Registering precompiled user dll's ...
Registered in 0.015253 seconds.
Begin MonoManager ReloadAssembly
Symbol file LoadedFromMemory doesn't match image C:\Users\Ng Family\Desktop\GMAPS\GMAPSAssignment\Kinematics worksheet\Library\PackageCache\com.unity.visualscripting@1.8.0\Editor\VisualScripting.Core\Dependencies\YamlDotNet\Unity.VisualScripting.YamlDotNet.dll
Symbol file LoadedFromMemory doesn't match image C:\Users\Ng Family\Desktop\GMAPS\GMAPSAssignment\Kinematics worksheet\Library\PackageCache\com.unity.visualscripting@1.8.0\Editor\VisualScripting.Core\Dependencies\DotNetZip\Unity.VisualScripting.IonicZip.dll
Native extension for WindowsStandalone target not found
Native extension for WebGL target not found
Refreshing native plugins compatible for Editor in 0.66 ms, found 3 plugins.
Preloading 0 native plugins for Editor in 0.00 ms.
Mono: successfully reloaded assembly
- Completed reload, in  1.603 seconds
Domain Reload Profiling:
	ReloadAssembly (1604ms)
		BeginReloadAssembly (239ms)
			ExecutionOrderSort (0ms)
			DisableScriptedObjects (10ms)
			BackupInstance (0ms)
			ReleaseScriptingObjects (0ms)
			CreateAndSetChildDomain (53ms)
		EndReloadAssembly (1185ms)
			LoadAssemblies (156ms)
			RebuildTransferFunctionScriptingTraits (0ms)
			SetupTypeCache (431ms)
			ReleaseScriptCaches (2ms)
			RebuildScriptCaches (72ms)
			SetupLoadedEditorAssemblies (483ms)
				LogAssemblyErrors (0ms)
				InitializePlatformSupportModulesInManaged (13ms)
				SetLoadedEditorAssemblies (1ms)
				RefreshPlugins (1ms)
				BeforeProcessingInitializeOnLoad (114ms)
				ProcessInitializeOnLoadAttributes (307ms)
				ProcessInitializeOnLoadMethodAttributes (30ms)
				AfterProcessingInitializeOnLoad (18ms)
				EditorAssembliesLoaded (0ms)
			ExecutionOrderSort2 (0ms)
			AwakeInstancesAfterBackupRestoration (10ms)
Platform modules already initialized, skipping
Refreshing native plugins compatible for Editor in 2.99 ms, found 3 plugins.
Preloading 0 native plugins for Editor in 0.00 ms.
Unloading 3057 Unused Serialized files (Serialized files now loaded: 0)
Unloading 17 unused Assets / (80.1 KB). Loaded Objects now: 3525.
Memory consumption went from 107.8 MB to 107.8 MB.
Total: 4.052000 ms (FindLiveObjects: 0.349300 ms CreateObjectMapping: 0.205800 ms MarkObjects: 3.383300 ms  DeleteObjects: 0.112400 ms)

AssetImportParameters requested are different than current active one (requested -> active):
  custom:video-decoder-ogg-theora: a1e56fd34408186e4bbccfd4996cb3dc -> 
  custom:container-muxer-webm: aa71ff27fc2769a1b78a27578f13a17b -> 
  custom:container-demuxer-webm: 4f35f7cbe854078d1ac9338744f61a02 -> 
  custom:video-encoder-webm-vp8: eb34c28f22e8b96e1ab97ce403110664 -> 
  custom:audio-encoder-webm-vorbis: bf7c407c2cedff20999df2af8eb42d56 -> 
  custom:framework-win-MediaFoundation: 216162199b28c13a410421893ffa2e32 -> 
  custom:container-demuxer-ogg: 62fdf1f143b41e24485cea50d1cbac27 -> 
  custom:video-decoder-webm-vp8: 9c59270c3fd7afecdb556c50c9e8de78 -> 
  custom:audio-decoder-ogg-vorbis: bf7c407c2cedff20999df2af8eb42d56 -> 
========================================================================
Received Import Request.
  Time since last request: 35.842828 seconds.
  path: Assets/Math/HMatrix2D.cs
  artifactKey: Guid(f5ffa8fc7ba6fee4a8d7f038d941c520) Importer(815301076,1909f56bfc062723c751e8b465ee728b)
Start importing Assets/Math/HMatrix2D.cs using Guid(f5ffa8fc7ba6fee4a8d7f038d941c520) Importer(815301076,1909f56bfc062723c751e8b465ee728b)  -> (artifact id: '13fc2d2ca261c0927940869834746dea') in 0.041664 seconds 
========================================================================
Received Prepare
Registering precompiled user dll's ...
Registered in 0.013119 seconds.
Begin MonoManager ReloadAssembly
Symbol file LoadedFromMemory doesn't match image C:\Users\Ng Family\Desktop\GMAPS\GMAPSAssignment\Kinematics worksheet\Library\PackageCache\com.unity.visualscripting@1.8.0\Editor\VisualScripting.Core\Dependencies\YamlDotNet\Unity.VisualScripting.YamlDotNet.dll
Symbol file LoadedFromMemory doesn't match image C:\Users\Ng Family\Desktop\GMAPS\GMAPSAssignment\Kinematics worksheet\Library\PackageCache\com.unity.visualscripting@1.8.0\Editor\VisualScripting.Core\Dependencies\DotNetZip\Unity.VisualScripting.IonicZip.dll
Native extension for WindowsStandalone target not found
Native extension for WebGL target not found
Refreshing native plugins compatible for Editor in 0.69 ms, found 3 plugins.
Preloading 0 native plugins for Editor in 0.00 ms.
Mono: successfully reloaded assembly
- Completed reload, in  1.712 seconds
Domain Reload Profiling:
	ReloadAssembly (1713ms)
		BeginReloadAssembly (251ms)
			ExecutionOrderSort (0ms)
			DisableScriptedObjects (9ms)
			BackupInstance (0ms)
			ReleaseScriptingObjects (0ms)
			CreateAndSetChildDomain (53ms)
		EndReloadAssembly (1234ms)
			LoadAssemblies (176ms)
			RebuildTransferFunctionScriptingTraits (0ms)
			SetupTypeCache (459ms)
			ReleaseScriptCaches (2ms)
			RebuildScriptCaches (65ms)
			SetupLoadedEditorAssemblies (494ms)
				LogAssemblyErrors (0ms)
				InitializePlatformSupportModulesInManaged (14ms)
				SetLoadedEditorAssemblies (1ms)
				RefreshPlugins (1ms)
				BeforeProcessingInitializeOnLoad (113ms)
				ProcessInitializeOnLoadAttributes (316ms)
				ProcessInitializeOnLoadMethodAttributes (30ms)
				AfterProcessingInitializeOnLoad (19ms)
				EditorAssembliesLoaded (0ms)
			ExecutionOrderSort2 (0ms)
			AwakeInstancesAfterBackupRestoration (11ms)
Platform modules already initialized, skipping
Refreshing native plugins compatible for Editor in 3.04 ms, found 3 plugins.
Preloading 0 native plugins for Editor in 0.00 ms.
Unloading 3058 Unused Serialized files (Serialized files now loaded: 0)
Unloading 17 unused Assets / (80.2 KB). Loaded Objects now: 3529.
Memory consumption went from 107.9 MB to 107.8 MB.
Total: 4.068600 ms (FindLiveObjects: 0.292700 ms CreateObjectMapping: 0.187200 ms MarkObjects: 3.487300 ms  DeleteObjects: 0.100300 ms)

AssetImportParameters requested are different than current active one (requested -> active):
  custom:video-decoder-ogg-theora: a1e56fd34408186e4bbccfd4996cb3dc -> 
  custom:container-muxer-webm: aa71ff27fc2769a1b78a27578f13a17b -> 
  custom:container-demuxer-webm: 4f35f7cbe854078d1ac9338744f61a02 -> 
  custom:video-encoder-webm-vp8: eb34c28f22e8b96e1ab97ce403110664 -> 
  custom:audio-encoder-webm-vorbis: bf7c407c2cedff20999df2af8eb42d56 -> 
  custom:framework-win-MediaFoundation: 216162199b28c13a410421893ffa2e32 -> 
  custom:container-demuxer-ogg: 62fdf1f143b41e24485cea50d1cbac27 -> 
  custom:video-decoder-webm-vp8: 9c59270c3fd7afecdb556c50c9e8de78 -> 
  custom:audio-decoder-ogg-vorbis: bf7c407c2cedff20999df2af8eb42d56 -> 
========================================================================
Received Import Request.
  Time since last request: 116.138921 seconds.
  path: Assets/02_MATRICES_worksheet/02_MATRICES_worksheet
  artifactKey: Guid(5f7234b6281bd424a8a1bdced99facfa) Importer(815301076,1909f56bfc062723c751e8b465ee728b)
Start importing Assets/02_MATRICES_worksheet/02_MATRICES_worksheet using Guid(5f7234b6281bd424a8a1bdced99facfa) Importer(815301076,1909f56bfc062723c751e8b465ee728b)  -> (artifact id: '20409d0ea6b152bac942c6a0cbbfe0f5') in 0.018330 seconds 
========================================================================
Received Import Request.
  Time since last request: 1.907801 seconds.
  path: Assets/02_MATRICES_worksheet/02_MATRICES_worksheet/Sonic
  artifactKey: Guid(d302fc68c3f2b314a99d6a4837b1c3d3) Importer(815301076,1909f56bfc062723c751e8b465ee728b)
Start importing Assets/02_MATRICES_worksheet/02_MATRICES_worksheet/Sonic using Guid(d302fc68c3f2b314a99d6a4837b1c3d3) Importer(815301076,1909f56bfc062723c751e8b465ee728b)  -> (artifact id: 'e3850f6c13967ec071faf9a71db07f74') in 0.006437 seconds 
========================================================================
Received Import Request.
  Time since last request: 0.150324 seconds.
  path: Assets/02_MATRICES_worksheet/02_MATRICES_worksheet/Sonic/Sonic.png
  artifactKey: Guid(2f7921371e5959f4396e36d62a6818ef) Importer(815301076,1909f56bfc062723c751e8b465ee728b)
Start importing Assets/02_MATRICES_worksheet/02_MATRICES_worksheet/Sonic/Sonic.png using Guid(2f7921371e5959f4396e36d62a6818ef) Importer(815301076,1909f56bfc062723c751e8b465ee728b)  -> (artifact id: 'c8300811e9f402b7420faaa6fe46c315') in 0.121089 seconds 
========================================================================
Received Import Request.
  Time since last request: 0.000021 seconds.
  path: Assets/02_MATRICES_worksheet/02_MATRICES_worksheet/Sonic/SonicMat.mat
  artifactKey: Guid(c9139966f4be99640b063c1a11261ed9) Importer(815301076,1909f56bfc062723c751e8b465ee728b)
Start importing Assets/02_MATRICES_worksheet/02_MATRICES_worksheet/Sonic/SonicMat.mat using Guid(c9139966f4be99640b063c1a11261ed9) Importer(815301076,1909f56bfc062723c751e8b465ee728b)  -> (artifact id: '49726811e762b91d5e8eb1920fe3b722') in 0.139357 seconds 
========================================================================
Received Import Request.
  Time since last request: 2.794456 seconds.
  path: Assets/02_MATRICES_worksheet/02_MATRICES_worksheet/Sonic/HMatrix2D.cs
  artifactKey: Guid(41df03cb4e6bf03418962886d201d099) Importer(815301076,1909f56bfc062723c751e8b465ee728b)
Start importing Assets/02_MATRICES_worksheet/02_MATRICES_worksheet/Sonic/HMatrix2D.cs using Guid(41df03cb4e6bf03418962886d201d099) Importer(815301076,1909f56bfc062723c751e8b465ee728b)  -> (artifact id: 'ec6ac93d7c28b216a966fbe8ea108ddd') in 0.005952 seconds 
========================================================================
Received Prepare
Registering precompiled user dll's ...
Registered in 0.014933 seconds.
Begin MonoManager ReloadAssembly
Symbol file LoadedFromMemory doesn't match image C:\Users\Ng Family\Desktop\GMAPS\GMAPSAssignment\Kinematics worksheet\Library\PackageCache\com.unity.visualscripting@1.8.0\Editor\VisualScripting.Core\Dependencies\YamlDotNet\Unity.VisualScripting.YamlDotNet.dll
Symbol file LoadedFromMemory doesn't match image C:\Users\Ng Family\Desktop\GMAPS\GMAPSAssignment\Kinematics worksheet\Library\PackageCache\com.unity.visualscripting@1.8.0\Editor\VisualScripting.Core\Dependencies\DotNetZip\Unity.VisualScripting.IonicZip.dll
Native extension for WindowsStandalone target not found
Native extension for WebGL target not found
Refreshing native plugins compatible for Editor in 0.62 ms, found 3 plugins.
Preloading 0 native plugins for Editor in 0.00 ms.
Mono: successfully reloaded assembly
- Completed reload, in  1.597 seconds
Domain Reload Profiling:
	ReloadAssembly (1598ms)
		BeginReloadAssembly (238ms)
			ExecutionOrderSort (0ms)
			DisableScriptedObjects (7ms)
			BackupInstance (0ms)
			ReleaseScriptingObjects (0ms)
			CreateAndSetChildDomain (50ms)
		EndReloadAssembly (1170ms)
			LoadAssemblies (169ms)
			RebuildTransferFunctionScriptingTraits (0ms)
			SetupTypeCache (420ms)
			ReleaseScriptCaches (2ms)
			RebuildScriptCaches (63ms)
			SetupLoadedEditorAssemblies (486ms)
				LogAssemblyErrors (0ms)
				InitializePlatformSupportModulesInManaged (13ms)
				SetLoadedEditorAssemblies (1ms)
				RefreshPlugins (1ms)
				BeforeProcessingInitializeOnLoad (121ms)
				ProcessInitializeOnLoadAttributes (299ms)
				ProcessInitializeOnLoadMethodAttributes (34ms)
				AfterProcessingInitializeOnLoad (19ms)
				EditorAssembliesLoaded (0ms)
			ExecutionOrderSort2 (0ms)
			AwakeInstancesAfterBackupRestoration (10ms)
Platform modules already initialized, skipping
Refreshing native plugins compatible for Editor in 2.94 ms, found 3 plugins.
Preloading 0 native plugins for Editor in 0.00 ms.
Unloading 3057 Unused Serialized files (Serialized files now loaded: 0)
Unloading 18 unused Assets / (80.1 KB). Loaded Objects now: 3574.
Memory consumption went from 112.4 MB to 112.4 MB.
Total: 3.974400 ms (FindLiveObjects: 0.292600 ms CreateObjectMapping: 0.170000 ms MarkObjects: 3.407500 ms  DeleteObjects: 0.103000 ms)

AssetImportParameters requested are different than current active one (requested -> active):
  custom:video-decoder-ogg-theora: a1e56fd34408186e4bbccfd4996cb3dc -> 
  custom:container-muxer-webm: aa71ff27fc2769a1b78a27578f13a17b -> 
  custom:container-demuxer-webm: 4f35f7cbe854078d1ac9338744f61a02 -> 
  custom:video-encoder-webm-vp8: eb34c28f22e8b96e1ab97ce403110664 -> 
  custom:audio-encoder-webm-vorbis: bf7c407c2cedff20999df2af8eb42d56 -> 
  custom:framework-win-MediaFoundation: 216162199b28c13a410421893ffa2e32 -> 
  custom:container-demuxer-ogg: 62fdf1f143b41e24485cea50d1cbac27 -> 
  custom:video-decoder-webm-vp8: 9c59270c3fd7afecdb556c50c9e8de78 -> 
  custom:audio-decoder-ogg-vorbis: bf7c407c2cedff20999df2af8eb42d56 -> 
========================================================================
Received Prepare
Registering precompiled user dll's ...
Registered in 0.014299 seconds.
Begin MonoManager ReloadAssembly
Symbol file LoadedFromMemory doesn't match image C:\Users\Ng Family\Desktop\GMAPS\GMAPSAssignment\Kinematics worksheet\Library\PackageCache\com.unity.visualscripting@1.8.0\Editor\VisualScripting.Core\Dependencies\YamlDotNet\Unity.VisualScripting.YamlDotNet.dll
Symbol file LoadedFromMemory doesn't match image C:\Users\Ng Family\Desktop\GMAPS\GMAPSAssignment\Kinematics worksheet\Library\PackageCache\com.unity.visualscripting@1.8.0\Editor\VisualScripting.Core\Dependencies\DotNetZip\Unity.VisualScripting.IonicZip.dll
Native extension for WindowsStandalone target not found
Native extension for WebGL target not found
Refreshing native plugins compatible for Editor in 0.67 ms, found 3 plugins.
Preloading 0 native plugins for Editor in 0.00 ms.
Mono: successfully reloaded assembly
- Completed reload, in  1.617 seconds
Domain Reload Profiling:
	ReloadAssembly (1618ms)
		BeginReloadAssembly (238ms)
			ExecutionOrderSort (0ms)
			DisableScriptedObjects (11ms)
			BackupInstance (0ms)
			ReleaseScriptingObjects (0ms)
			CreateAndSetChildDomain (47ms)
		EndReloadAssembly (1195ms)
			LoadAssemblies (168ms)
			RebuildTransferFunctionScriptingTraits (0ms)
			SetupTypeCache (429ms)
			ReleaseScriptCaches (1ms)
			RebuildScriptCaches (69ms)
			SetupLoadedEditorAssemblies (494ms)
				LogAssemblyErrors (0ms)
				InitializePlatformSupportModulesInManaged (12ms)
				SetLoadedEditorAssemblies (1ms)
				RefreshPlugins (1ms)
				BeforeProcessingInitializeOnLoad (118ms)
				ProcessInitializeOnLoadAttributes (310ms)
				ProcessInitializeOnLoadMethodAttributes (33ms)
				AfterProcessingInitializeOnLoad (19ms)
				EditorAssembliesLoaded (0ms)
			ExecutionOrderSort2 (0ms)
			AwakeInstancesAfterBackupRestoration (10ms)
Platform modules already initialized, skipping
Refreshing native plugins compatible for Editor in 3.03 ms, found 3 plugins.
Preloading 0 native plugins for Editor in 0.00 ms.
Unloading 3057 Unused Serialized files (Serialized files now loaded: 0)
Unloading 17 unused Assets / (80.2 KB). Loaded Objects now: 3577.
Memory consumption went from 112.5 MB to 112.4 MB.
Total: 3.987500 ms (FindLiveObjects: 0.303500 ms CreateObjectMapping: 0.272300 ms MarkObjects: 3.301300 ms  DeleteObjects: 0.109600 ms)

AssetImportParameters requested are different than current active one (requested -> active):
  custom:video-decoder-ogg-theora: a1e56fd34408186e4bbccfd4996cb3dc -> 
  custom:container-muxer-webm: aa71ff27fc2769a1b78a27578f13a17b -> 
  custom:container-demuxer-webm: 4f35f7cbe854078d1ac9338744f61a02 -> 
  custom:video-encoder-webm-vp8: eb34c28f22e8b96e1ab97ce403110664 -> 
  custom:audio-encoder-webm-vorbis: bf7c407c2cedff20999df2af8eb42d56 -> 
  custom:framework-win-MediaFoundation: 216162199b28c13a410421893ffa2e32 -> 
  custom:container-demuxer-ogg: 62fdf1f143b41e24485cea50d1cbac27 -> 
  custom:video-decoder-webm-vp8: 9c59270c3fd7afecdb556c50c9e8de78 -> 
  custom:audio-decoder-ogg-vorbis: bf7c407c2cedff20999df2af8eb42d56 -> 
========================================================================
Received Import Request.
  Time since last request: 658.726741 seconds.
  path: Assets/Math/HMatrix2D.cs
  artifactKey: Guid(41df03cb4e6bf03418962886d201d099) Importer(815301076,1909f56bfc062723c751e8b465ee728b)
Start importing Assets/Math/HMatrix2D.cs using Guid(41df03cb4e6bf03418962886d201d099) Importer(815301076,1909f56bfc062723c751e8b465ee728b)  -> (artifact id: '6b52fd82c6e50aab5835f979ae1c17fc') in 0.016516 seconds 
========================================================================
Received Import Request.
  Time since last request: 30.908763 seconds.
  path: Assets/Math/HMatrix2D.cs
  artifactKey: Guid(41df03cb4e6bf03418962886d201d099) Importer(815301076,1909f56bfc062723c751e8b465ee728b)
Start importing Assets/Math/HMatrix2D.cs using Guid(41df03cb4e6bf03418962886d201d099) Importer(815301076,1909f56bfc062723c751e8b465ee728b)  -> (artifact id: '497a960a747d3b48c6d61bbd81286b76') in 0.007577 seconds 
========================================================================
Received Import Request.
  Time since last request: 28.948222 seconds.
  path: Assets/02_MATRICES_worksheet/02_MATRICES_worksheet/Sonic/Materials
  artifactKey: Guid(aad3b79dc499fa24c92b9bb2141ca883) Importer(815301076,1909f56bfc062723c751e8b465ee728b)
Start importing Assets/02_MATRICES_worksheet/02_MATRICES_worksheet/Sonic/Materials using Guid(aad3b79dc499fa24c92b9bb2141ca883) Importer(815301076,1909f56bfc062723c751e8b465ee728b)  -> (artifact id: '3ce16e0f20c11a798493162eb3c86ca1') in 0.007477 seconds 
========================================================================
Received Import Request.
  Time since last request: 307.820480 seconds.
  path: Assets/02_MATRICES_worksheet/02_MATRICES_worksheet/Sonic/TestMatrix.cs
  artifactKey: Guid(45bd9c1ea763b954c9d079527a333b37) Importer(815301076,1909f56bfc062723c751e8b465ee728b)
Start importing Assets/02_MATRICES_worksheet/02_MATRICES_worksheet/Sonic/TestMatrix.cs using Guid(45bd9c1ea763b954c9d079527a333b37) Importer(815301076,1909f56bfc062723c751e8b465ee728b)  -> (artifact id: '60762bae036d6654e9e8033a6f4558a3') in 0.009033 seconds 
========================================================================
Received Import Request.
  Time since last request: 58.684475 seconds.
  path: Assets/02_MATRICES_worksheet/02_MATRICES_worksheet/Sonic/TestMatrix.cs
  artifactKey: Guid(45bd9c1ea763b954c9d079527a333b37) Importer(815301076,1909f56bfc062723c751e8b465ee728b)
Start importing Assets/02_MATRICES_worksheet/02_MATRICES_worksheet/Sonic/TestMatrix.cs using Guid(45bd9c1ea763b954c9d079527a333b37) Importer(815301076,1909f56bfc062723c751e8b465ee728b)  -> (artifact id: 'a4adcfc603c4be5dae77f0eb2aa57a50') in 0.007005 seconds 
========================================================================
Received Import Request.
  Time since last request: 1.000816 seconds.
  path: Assets/02_MATRICES_worksheet/02_MATRICES_worksheet/Sonic/Matrix.unity
  artifactKey: Guid(11f3f63cba64deb408459548ff236438) Importer(815301076,1909f56bfc062723c751e8b465ee728b)
Start importing Assets/02_MATRICES_worksheet/02_MATRICES_worksheet/Sonic/Matrix.unity using Guid(11f3f63cba64deb408459548ff236438) Importer(815301076,1909f56bfc062723c751e8b465ee728b)  -> (artifact id: '709ed8f78cefb169aa26bc2f991ed9b0') in 0.007953 seconds 
========================================================================
Received Import Request.
  Time since last request: 3963.560568 seconds.
  path: Assets/Math/HMatrix2D.cs
  artifactKey: Guid(41df03cb4e6bf03418962886d201d099) Importer(815301076,1909f56bfc062723c751e8b465ee728b)
Start importing Assets/Math/HMatrix2D.cs using Guid(41df03cb4e6bf03418962886d201d099) Importer(815301076,1909f56bfc062723c751e8b465ee728b)  -> (artifact id: '64f86af31dd45d239a6adde859c1e382') in 0.008816 seconds 
========================================================================
Received Import Request.
  Time since last request: 39.854554 seconds.
  path: Assets/Math/HMatrix2D.cs
  artifactKey: Guid(41df03cb4e6bf03418962886d201d099) Importer(815301076,1909f56bfc062723c751e8b465ee728b)
Start importing Assets/Math/HMatrix2D.cs using Guid(41df03cb4e6bf03418962886d201d099) Importer(815301076,1909f56bfc062723c751e8b465ee728b)  -> (artifact id: '527e7a8d357c435c86bc944981cd67a9') in 0.005791 seconds 
========================================================================
Received Import Request.
  Time since last request: 79.708937 seconds.
  path: Assets/Math/HMatrix2D.cs
  artifactKey: Guid(41df03cb4e6bf03418962886d201d099) Importer(815301076,1909f56bfc062723c751e8b465ee728b)
Start importing Assets/Math/HMatrix2D.cs using Guid(41df03cb4e6bf03418962886d201d099) Importer(815301076,1909f56bfc062723c751e8b465ee728b)  -> (artifact id: 'e4dd7c0ffc39a28681658c3de4f3431d') in 0.004527 seconds 
========================================================================
Received Import Request.
  Time since last request: 44.738745 seconds.
  path: Assets/Math/HMatrix2D.cs
  artifactKey: Guid(41df03cb4e6bf03418962886d201d099) Importer(815301076,1909f56bfc062723c751e8b465ee728b)
Start importing Assets/Math/HMatrix2D.cs using Guid(41df03cb4e6bf03418962886d201d099) Importer(815301076,1909f56bfc062723c751e8b465ee728b)  -> (artifact id: 'cd30e0fb290f9a40bda45eeff2346c03') in 0.004373 seconds 
========================================================================
Received Import Request.
  Time since last request: 34.627181 seconds.
  path: Assets/Math/HMatrix2D.cs
  artifactKey: Guid(41df03cb4e6bf03418962886d201d099) Importer(815301076,1909f56bfc062723c751e8b465ee728b)
Start importing Assets/Math/HMatrix2D.cs using Guid(41df03cb4e6bf03418962886d201d099) Importer(815301076,1909f56bfc062723c751e8b465ee728b)  -> (artifact id: '422c3a09d9b7644fd16eebd85bd15afe') in 0.004177 seconds 
========================================================================
Received Import Request.
  Time since last request: 31.727268 seconds.
  path: Assets/Math/HMatrix2D.cs
  artifactKey: Guid(41df03cb4e6bf03418962886d201d099) Importer(815301076,1909f56bfc062723c751e8b465ee728b)
Start importing Assets/Math/HMatrix2D.cs using Guid(41df03cb4e6bf03418962886d201d099) Importer(815301076,1909f56bfc062723c751e8b465ee728b)  -> (artifact id: '7d6a9a525eb649bbb75fbd5c65b1ad9c') in 0.003956 seconds 
========================================================================
Received Import Request.
  Time since last request: 18.931842 seconds.
  path: Assets/Math/HMatrix2D.cs
  artifactKey: Guid(41df03cb4e6bf03418962886d201d099) Importer(815301076,1909f56bfc062723c751e8b465ee728b)
Start importing Assets/Math/HMatrix2D.cs using Guid(41df03cb4e6bf03418962886d201d099) Importer(815301076,1909f56bfc062723c751e8b465ee728b)  -> (artifact id: 'dad24e491d922a5e977c0e1cfe4ccbc9') in 0.004813 seconds 
========================================================================
Received Import Request.
  Time since last request: 18.319480 seconds.
  path: Assets/Math/HMatrix2D.cs
  artifactKey: Guid(41df03cb4e6bf03418962886d201d099) Importer(815301076,1909f56bfc062723c751e8b465ee728b)
Start importing Assets/Math/HMatrix2D.cs using Guid(41df03cb4e6bf03418962886d201d099) Importer(815301076,1909f56bfc062723c751e8b465ee728b)  -> (artifact id: '560e7ef6a3e10f2fddb17af16e01a6bc') in 0.004209 seconds 
========================================================================
Received Import Request.
  Time since last request: 13.634027 seconds.
  path: Assets/Math/HMatrix2D.cs
  artifactKey: Guid(41df03cb4e6bf03418962886d201d099) Importer(815301076,1909f56bfc062723c751e8b465ee728b)
Start importing Assets/Math/HMatrix2D.cs using Guid(41df03cb4e6bf03418962886d201d099) Importer(815301076,1909f56bfc062723c751e8b465ee728b)  -> (artifact id: '90118676e2eb3c31dc9a6accf689f100') in 0.004972 seconds 
========================================================================
Received Import Request.
  Time since last request: 69.716958 seconds.
  path: Assets/Math/HMatrix2D.cs
  artifactKey: Guid(41df03cb4e6bf03418962886d201d099) Importer(815301076,1909f56bfc062723c751e8b465ee728b)
Start importing Assets/Math/HMatrix2D.cs using Guid(41df03cb4e6bf03418962886d201d099) Importer(815301076,1909f56bfc062723c751e8b465ee728b)  -> (artifact id: 'cdde0e3587266e18207660013b9d8bf1') in 0.004129 seconds 
========================================================================
Received Import Request.
  Time since last request: 16.033025 seconds.
  path: Assets/Math/HMatrix2D.cs
  artifactKey: Guid(41df03cb4e6bf03418962886d201d099) Importer(815301076,1909f56bfc062723c751e8b465ee728b)
Start importing Assets/Math/HMatrix2D.cs using Guid(41df03cb4e6bf03418962886d201d099) Importer(815301076,1909f56bfc062723c751e8b465ee728b)  -> (artifact id: '5495b07cd035bfb7f644fe1aecf3f99e') in 0.005355 seconds 
========================================================================
Received Prepare
Registering precompiled user dll's ...
Registered in 0.009335 seconds.
Begin MonoManager ReloadAssembly
Symbol file LoadedFromMemory doesn't match image C:\Users\Ng Family\Desktop\GMAPS\GMAPSAssignment\Kinematics worksheet\Library\PackageCache\com.unity.visualscripting@1.8.0\Editor\VisualScripting.Core\Dependencies\YamlDotNet\Unity.VisualScripting.YamlDotNet.dll
Symbol file LoadedFromMemory doesn't match image C:\Users\Ng Family\Desktop\GMAPS\GMAPSAssignment\Kinematics worksheet\Library\PackageCache\com.unity.visualscripting@1.8.0\Editor\VisualScripting.Core\Dependencies\DotNetZip\Unity.VisualScripting.IonicZip.dll
Native extension for WindowsStandalone target not found
Native extension for WebGL target not found
Refreshing native plugins compatible for Editor in 0.50 ms, found 3 plugins.
Preloading 0 native plugins for Editor in 0.00 ms.
Mono: successfully reloaded assembly
- Completed reload, in  1.380 seconds
Domain Reload Profiling:
	ReloadAssembly (1382ms)
		BeginReloadAssembly (317ms)
			ExecutionOrderSort (0ms)
			DisableScriptedObjects (20ms)
			BackupInstance (0ms)
			ReleaseScriptingObjects (0ms)
			CreateAndSetChildDomain (101ms)
		EndReloadAssembly (929ms)
			LoadAssemblies (137ms)
			RebuildTransferFunctionScriptingTraits (0ms)
			SetupTypeCache (356ms)
			ReleaseScriptCaches (1ms)
			RebuildScriptCaches (50ms)
			SetupLoadedEditorAssemblies (368ms)
				LogAssemblyErrors (0ms)
				InitializePlatformSupportModulesInManaged (9ms)
				SetLoadedEditorAssemblies (1ms)
				RefreshPlugins (1ms)
				BeforeProcessingInitializeOnLoad (88ms)
				ProcessInitializeOnLoadAttributes (234ms)
				ProcessInitializeOnLoadMethodAttributes (23ms)
				AfterProcessingInitializeOnLoad (12ms)
				EditorAssembliesLoaded (0ms)
			ExecutionOrderSort2 (0ms)
			AwakeInstancesAfterBackupRestoration (7ms)
Platform modules already initialized, skipping
Refreshing native plugins compatible for Editor in 2.29 ms, found 3 plugins.
Preloading 0 native plugins for Editor in 0.00 ms.
Unloading 3057 Unused Serialized files (Serialized files now loaded: 0)
Unloading 17 unused Assets / (80.2 KB). Loaded Objects now: 3580.
Memory consumption went from 112.5 MB to 112.4 MB.
Total: 4.678300 ms (FindLiveObjects: 0.262800 ms CreateObjectMapping: 0.148900 ms MarkObjects: 4.148400 ms  DeleteObjects: 0.116800 ms)

AssetImportParameters requested are different than current active one (requested -> active):
  custom:video-decoder-ogg-theora: a1e56fd34408186e4bbccfd4996cb3dc -> 
  custom:container-muxer-webm: aa71ff27fc2769a1b78a27578f13a17b -> 
  custom:container-demuxer-webm: 4f35f7cbe854078d1ac9338744f61a02 -> 
  custom:video-encoder-webm-vp8: eb34c28f22e8b96e1ab97ce403110664 -> 
  custom:audio-encoder-webm-vorbis: bf7c407c2cedff20999df2af8eb42d56 -> 
  custom:framework-win-MediaFoundation: 216162199b28c13a410421893ffa2e32 -> 
  custom:container-demuxer-ogg: 62fdf1f143b41e24485cea50d1cbac27 -> 
  custom:video-decoder-webm-vp8: 9c59270c3fd7afecdb556c50c9e8de78 -> 
  custom:audio-decoder-ogg-vorbis: bf7c407c2cedff20999df2af8eb42d56 -> 
